[INFO  - 2020-04-12T04:02:43.147Z] GhostDriver - Main - running on port 27645
[INFO  - 2020-04-12T04:02:43.826Z] Session [7620abb0-7c72-11ea-bc4a-0b43ca3596d5] - page.settings - {"XSSAuditingEnabled":false,"javascriptCanCloseWindows":true,"javascriptCanOpenWindows":true,"javascriptEnabled":true,"loadImages":true,"localToRemoteUrlAccessEnabled":false,"userAgent":"Mozilla/5.0 (Windows NT 6.2; WOW64) AppleWebKit/538.1 (KHTML, like Gecko) PhantomJS/2.1.1 Safari/538.1","webSecurityEnabled":true}
[INFO  - 2020-04-12T04:02:43.826Z] Session [7620abb0-7c72-11ea-bc4a-0b43ca3596d5] - page.customHeaders:  - {}
[INFO  - 2020-04-12T04:02:43.827Z] Session [7620abb0-7c72-11ea-bc4a-0b43ca3596d5] - Session.negotiatedCapabilities - {"browserName":"phantomjs","version":"2.1.1","driverName":"ghostdriver","driverVersion":"1.2.0","platform":"windows-10-32bit","javascriptEnabled":true,"takesScreenshot":true,"handlesAlerts":false,"databaseEnabled":false,"locationContextEnabled":false,"applicationCacheEnabled":false,"browserConnectionEnabled":false,"cssSelectorsEnabled":true,"webStorageEnabled":false,"rotatable":false,"acceptSslCerts":false,"nativeEvents":true,"proxy":{"proxyType":"direct"}}
[INFO  - 2020-04-12T04:02:43.827Z] SessionManagerReqHand - _postNewSessionCommand - New Session Created: 7620abb0-7c72-11ea-bc4a-0b43ca3596d5
[INFO  - 2020-04-12T04:02:48.911Z] ShutdownReqHand - _handle - About to shutdown
[INFO  - 2020-04-12T04:05:00.030Z] GhostDriver - Main - running on port 17296
[INFO  - 2020-04-12T04:05:00.744Z] Session [c7bd0130-7c72-11ea-a1c1-9d3b5dd7dfde] - page.settings - {"XSSAuditingEnabled":false,"javascriptCanCloseWindows":true,"javascriptCanOpenWindows":true,"javascriptEnabled":true,"loadImages":true,"localToRemoteUrlAccessEnabled":false,"userAgent":"Mozilla/5.0 (Windows NT 6.2; WOW64) AppleWebKit/538.1 (KHTML, like Gecko) PhantomJS/2.1.1 Safari/538.1","webSecurityEnabled":true}
[INFO  - 2020-04-12T04:05:00.745Z] Session [c7bd0130-7c72-11ea-a1c1-9d3b5dd7dfde] - page.customHeaders:  - {}
[INFO  - 2020-04-12T04:05:00.745Z] Session [c7bd0130-7c72-11ea-a1c1-9d3b5dd7dfde] - Session.negotiatedCapabilities - {"browserName":"phantomjs","version":"2.1.1","driverName":"ghostdriver","driverVersion":"1.2.0","platform":"windows-10-32bit","javascriptEnabled":true,"takesScreenshot":true,"handlesAlerts":false,"databaseEnabled":false,"locationContextEnabled":false,"applicationCacheEnabled":false,"browserConnectionEnabled":false,"cssSelectorsEnabled":true,"webStorageEnabled":false,"rotatable":false,"acceptSslCerts":false,"nativeEvents":true,"proxy":{"proxyType":"direct"}}
[INFO  - 2020-04-12T04:05:00.745Z] SessionManagerReqHand - _postNewSessionCommand - New Session Created: c7bd0130-7c72-11ea-a1c1-9d3b5dd7dfde
[INFO  - 2020-04-12T04:05:05.313Z] ShutdownReqHand - _handle - About to shutdown
[INFO  - 2020-07-03T16:11:28.836Z] GhostDriver - Main - running on port 34187
[INFO  - 2020-07-03T16:11:29.351Z] Session [da71f310-bd47-11ea-9b00-679f3cdd4791] - page.settings - {"XSSAuditingEnabled":false,"javascriptCanCloseWindows":true,"javascriptCanOpenWindows":true,"javascriptEnabled":true,"loadImages":true,"localToRemoteUrlAccessEnabled":false,"userAgent":"Mozilla/5.0 (Windows NT 6.2; WOW64) AppleWebKit/538.1 (KHTML, like Gecko) PhantomJS/2.1.1 Safari/538.1","webSecurityEnabled":true}
[INFO  - 2020-07-03T16:11:29.351Z] Session [da71f310-bd47-11ea-9b00-679f3cdd4791] - page.customHeaders:  - {}
[INFO  - 2020-07-03T16:11:29.352Z] Session [da71f310-bd47-11ea-9b00-679f3cdd4791] - Session.negotiatedCapabilities - {"browserName":"phantomjs","version":"2.1.1","driverName":"ghostdriver","driverVersion":"1.2.0","platform":"windows-10-32bit","javascriptEnabled":true,"takesScreenshot":true,"handlesAlerts":false,"databaseEnabled":false,"locationContextEnabled":false,"applicationCacheEnabled":false,"browserConnectionEnabled":false,"cssSelectorsEnabled":true,"webStorageEnabled":false,"rotatable":false,"acceptSslCerts":false,"nativeEvents":true,"proxy":{"proxyType":"direct"}}
[INFO  - 2020-07-03T16:11:29.352Z] SessionManagerReqHand - _postNewSessionCommand - New Session Created: da71f310-bd47-11ea-9b00-679f3cdd4791
[ERROR - 2020-07-03T16:11:35.259Z] Session [da71f310-bd47-11ea-9b00-679f3cdd4791] - page.onError - msg: TypeError: undefined is not a constructor (evaluating 'document.getElementById('telegram-login-box').append(el)')
[ERROR - 2020-07-03T16:11:35.259Z] Session [da71f310-bd47-11ea-9b00-679f3cdd4791] - page.onError - stack:
  (anonymous function) (https://xxjc.pro/auth/login:317)
  i (https://cdn.jsdelivr.net/npm/jquery@2.2.1:2)
  fireWith (https://cdn.jsdelivr.net/npm/jquery@2.2.1:2)
  ready (https://cdn.jsdelivr.net/npm/jquery@2.2.1:2)
  J (https://cdn.jsdelivr.net/npm/jquery@2.2.1:2)
[INFO  - 2020-07-03T16:11:50.539Z] ShutdownReqHand - _handle - About to shutdown
